2024-02-24T00:23:01.969+01:00  INFO 61123 --- [main] i.g.c.netflix.NetflixApplicationTests    : Starting NetflixApplicationTests using Java 21.0.1 with PID 61123 (started by ivan in /home/ivan/Documents/Repositories/one-piece-api/netflix-api)
2024-02-24T00:23:01.971+01:00  INFO 61123 --- [main] i.g.c.netflix.NetflixApplicationTests    : No active profile set, falling back to 1 default profile: "default"
2024-02-24T00:23:03.692+01:00  INFO 61123 --- [main] .s.d.r.c.RepositoryConfigurationDelegate : Bootstrapping Spring Data JPA repositories in DEFAULT mode.
2024-02-24T00:23:03.719+01:00  INFO 61123 --- [main] .s.d.r.c.RepositoryConfigurationDelegate : Finished Spring Data repository scanning in 15 ms. Found 0 JPA repository interfaces.
2024-02-24T00:23:04.630+01:00  INFO 61123 --- [main] o.hibernate.jpa.internal.util.LogHelper  : HHH000204: Processing PersistenceUnitInfo [name: default]
2024-02-24T00:23:04.727+01:00  INFO 61123 --- [main] org.hibernate.Version                    : HHH000412: Hibernate ORM core version 6.4.4.Final
2024-02-24T00:23:04.784+01:00  INFO 61123 --- [main] o.h.c.internal.RegionFactoryInitiator    : HHH000026: Second-level cache disabled
2024-02-24T00:23:05.190+01:00  INFO 61123 --- [main] o.s.o.j.p.SpringPersistenceUnitInfo      : No LoadTimeWeaver setup: ignoring JPA class transformer
2024-02-24T00:23:05.233+01:00  INFO 61123 --- [main] com.zaxxer.hikari.HikariDataSource       : HikariPool-1 - Starting...
2024-02-24T00:23:05.682+01:00  INFO 61123 --- [main] com.zaxxer.hikari.pool.HikariPool        : HikariPool-1 - Added connection conn0: url=jdbc:h2:file:./target/database/netflix-api user=SA
2024-02-24T00:23:05.685+01:00  INFO 61123 --- [main] com.zaxxer.hikari.HikariDataSource       : HikariPool-1 - Start completed.
2024-02-24T00:23:05.723+01:00  WARN 61123 --- [main] org.hibernate.orm.deprecation            : HHH90000025: H2Dialect does not need to be specified explicitly using 'hibernate.dialect' (remove the property setting and it will be selected by default)
2024-02-24T00:23:06.187+01:00  INFO 61123 --- [main] o.h.e.t.j.p.i.JtaPlatformInitiator       : HHH000489: No JTA platform available (set 'hibernate.transaction.jta.platform' to enable JTA platform integration)
2024-02-24T00:23:06.193+01:00  INFO 61123 --- [main] j.LocalContainerEntityManagerFactoryBean : Initialized JPA EntityManagerFactory for persistence unit 'default'
2024-02-24T00:23:07.700+01:00  INFO 61123 --- [main] o.s.b.a.e.web.EndpointLinksResolver      : Exposing 1 endpoint(s) beneath base path '/actuator'
2024-02-24T00:23:07.790+01:00  INFO 61123 --- [main] i.g.c.netflix.NetflixApplicationTests    : Started NetflixApplicationTests in 6.312 seconds (process running for 8.151)
2024-02-24T00:23:09.163+01:00  INFO 61123 --- [SpringApplicationShutdownHook] j.LocalContainerEntityManagerFactoryBean : Closing JPA EntityManagerFactory for persistence unit 'default'
2024-02-24T00:23:09.165+01:00  INFO 61123 --- [SpringApplicationShutdownHook] com.zaxxer.hikari.HikariDataSource       : HikariPool-1 - Shutdown initiated...
2024-02-24T00:23:09.166+01:00  INFO 61123 --- [SpringApplicationShutdownHook] com.zaxxer.hikari.HikariDataSource       : HikariPool-1 - Shutdown completed.
2024-02-24T00:23:25.304+01:00  INFO 61363 --- [main] i.g.cafeteru.netflix.NetflixApplication  : Starting NetflixApplication using Java 21.0.1 with PID 61363 (/home/ivan/Documents/Repositories/one-piece-api/netflix-api/target/classes started by ivan in /home/ivan/Documents/Repositories/one-piece-api/netflix-api)
2024-02-24T00:23:25.307+01:00  INFO 61363 --- [main] i.g.cafeteru.netflix.NetflixApplication  : No active profile set, falling back to 1 default profile: "default"
2024-02-24T00:23:26.096+01:00  INFO 61363 --- [main] .s.d.r.c.RepositoryConfigurationDelegate : Bootstrapping Spring Data JPA repositories in DEFAULT mode.
2024-02-24T00:23:26.113+01:00  INFO 61363 --- [main] .s.d.r.c.RepositoryConfigurationDelegate : Finished Spring Data repository scanning in 10 ms. Found 0 JPA repository interfaces.
2024-02-24T00:23:26.701+01:00  INFO 61363 --- [main] o.s.b.w.embedded.tomcat.TomcatWebServer  : Tomcat initialized with port 8081 (http)
2024-02-24T00:23:26.714+01:00  INFO 61363 --- [main] o.apache.catalina.core.StandardService   : Starting service [Tomcat]
2024-02-24T00:23:26.715+01:00  INFO 61363 --- [main] o.apache.catalina.core.StandardEngine    : Starting Servlet engine: [Apache Tomcat/10.1.19]
2024-02-24T00:23:26.768+01:00  INFO 61363 --- [main] o.a.c.c.C.[Tomcat].[localhost].[/]       : Initializing Spring embedded WebApplicationContext
2024-02-24T00:23:26.768+01:00  INFO 61363 --- [main] w.s.c.ServletWebServerApplicationContext : Root WebApplicationContext: initialization completed in 1420 ms
2024-02-24T00:23:27.008+01:00  INFO 61363 --- [main] o.hibernate.jpa.internal.util.LogHelper  : HHH000204: Processing PersistenceUnitInfo [name: default]
2024-02-24T00:23:27.054+01:00  INFO 61363 --- [main] org.hibernate.Version                    : HHH000412: Hibernate ORM core version 6.4.4.Final
2024-02-24T00:23:27.083+01:00  INFO 61363 --- [main] o.h.c.internal.RegionFactoryInitiator    : HHH000026: Second-level cache disabled
2024-02-24T00:23:27.270+01:00  INFO 61363 --- [main] o.s.o.j.p.SpringPersistenceUnitInfo      : No LoadTimeWeaver setup: ignoring JPA class transformer
2024-02-24T00:23:27.294+01:00  INFO 61363 --- [main] com.zaxxer.hikari.HikariDataSource       : HikariPool-1 - Starting...
2024-02-24T00:23:27.469+01:00  INFO 61363 --- [main] com.zaxxer.hikari.pool.HikariPool        : HikariPool-1 - Added connection conn0: url=jdbc:h2:file:./target/database/netflix-api user=SA
2024-02-24T00:23:27.471+01:00  INFO 61363 --- [main] com.zaxxer.hikari.HikariDataSource       : HikariPool-1 - Start completed.
2024-02-24T00:23:27.493+01:00  WARN 61363 --- [main] org.hibernate.orm.deprecation            : HHH90000025: H2Dialect does not need to be specified explicitly using 'hibernate.dialect' (remove the property setting and it will be selected by default)
2024-02-24T00:23:27.760+01:00  INFO 61363 --- [main] o.h.e.t.j.p.i.JtaPlatformInitiator       : HHH000489: No JTA platform available (set 'hibernate.transaction.jta.platform' to enable JTA platform integration)
2024-02-24T00:23:27.764+01:00  INFO 61363 --- [main] j.LocalContainerEntityManagerFactoryBean : Initialized JPA EntityManagerFactory for persistence unit 'default'
2024-02-24T00:23:28.525+01:00  INFO 61363 --- [main] o.s.b.a.e.web.EndpointLinksResolver      : Exposing 1 endpoint(s) beneath base path '/actuator'
2024-02-24T00:23:28.606+01:00  INFO 61363 --- [main] o.s.b.w.embedded.tomcat.TomcatWebServer  : Tomcat started on port 8081 (http) with context path ''
2024-02-24T00:23:28.619+01:00  INFO 61363 --- [main] i.g.cafeteru.netflix.NetflixApplication  : Started NetflixApplication in 3.655 seconds (process running for 3.926)
2024-02-24T00:23:32.824+01:00  INFO 61363 --- [SpringApplicationShutdownHook] j.LocalContainerEntityManagerFactoryBean : Closing JPA EntityManagerFactory for persistence unit 'default'
2024-02-24T00:23:32.827+01:00  INFO 61363 --- [SpringApplicationShutdownHook] com.zaxxer.hikari.HikariDataSource       : HikariPool-1 - Shutdown initiated...
2024-02-24T00:23:32.830+01:00  INFO 61363 --- [SpringApplicationShutdownHook] com.zaxxer.hikari.HikariDataSource       : HikariPool-1 - Shutdown completed.
